<?xml version="1.0" encoding="UTF-8"?>
<!-- Generated by org.testng.reporters.JUnitXMLReporter -->
<testsuite hostname="Loaners-MBP" ignored="0" name="Surefire test" tests="3" failures="0" timestamp="2020-10-27T17:10:20 IST" time="0.028" errors="0">
  <testcase name="restapi" time="0.004" classname="Learning.RestassuredTest"/>
  <testcase name="appium" time="0.0" classname="Learning.AppiumTest"/>
  <testcase name="selenium" time="0.0" classname="Learning.selniumTest"/>
</testsuite> <!-- Surefire test -->
