<?xml version="1.0" encoding="UTF-8"?>
<testng-results skipped="0" failed="0" ignored="1" total="3" passed="2">
  <reporter-output>
  </reporter-output>
  <suite name="All Test Suite" duration-ms="27" started-at="2020-10-28T18:06:33 IST" finished-at="2020-10-28T18:06:33 IST">
    <groups>
    </groups>
    <test name="/Users/shankarsk/IdeaProjects/APPIUM_CRED/src/test/java/Learning" duration-ms="27" started-at="2020-10-28T18:06:33 IST" finished-at="2020-10-28T18:06:33 IST">
      <class name="Learning.selniumTest">
        <test-method status="PASS" signature="selenium()[pri:0, instance:Learning.selniumTest@3b0143d3]" name="selenium" duration-ms="0" started-at="2020-10-28T18:06:33 IST" finished-at="2020-10-28T18:06:33 IST">
          <reporter-output>
          </reporter-output>
        </test-method> <!-- selenium -->
      </class> <!-- Learning.selniumTest -->
      <class name="Learning.AppiumTest">
        <test-method status="PASS" signature="appium()[pri:0, instance:Learning.AppiumTest@57536d79]" name="appium" duration-ms="2" started-at="2020-10-28T18:06:33 IST" finished-at="2020-10-28T18:06:33 IST">
          <reporter-output>
          </reporter-output>
        </test-method> <!-- appium -->
      </class> <!-- Learning.AppiumTest -->
    </test> <!-- /Users/shankarsk/IdeaProjects/APPIUM_CRED/src/test/java/Learning -->
  </suite> <!-- All Test Suite -->
</testng-results>
