<?xml version="1.0" encoding="UTF-8"?>
<!-- Generated by org.testng.reporters.JUnitXMLReporter -->
<testsuite hostname="Loaners-MBP" ignored="1" name="/Users/shankarsk/IdeaProjects/APPIUM_CRED/src/test/java/Learning" tests="2" failures="0" timestamp="2020-10-28T18:06:33 IST" time="0.027" errors="0">
  <testcase name="appium" time="0.002" classname="Learning.AppiumTest"/>
  <testcase name="selenium" time="0.0" classname="Learning.selniumTest"/>
  <testcase name="restapi" time="0.0" classname="Learning.RestassuredTest">
    <ignored/>
  </testcase> <!-- restapi -->
</testsuite> <!-- /Users/shankarsk/IdeaProjects/APPIUM_CRED/src/test/java/Learning -->
